==31548== Memcheck, a memory error detector
==31548== Copyright (C) 2002-2017, and GNU GPL'd, by Julian Seward et al.
==31548== Using Valgrind-3.13.0 and LibVEX; rerun with -h for copyright info
==31548== Command: ./a.out
==31548== Parent PID: 28273
==31548== 
==31548== Invalid free() / delete / delete[] / realloc()
==31548==    at 0x4C30D3B: free (in /usr/lib/valgrind/vgpreload_memcheck-amd64-linux.so)
==31548==    by 0x1086C5: main (Test4.c:14)
==31548==  Address 0x522d0a0 is 0 bytes inside a block of size 10 free'd
==31548==    at 0x4C30D3B: free (in /usr/lib/valgrind/vgpreload_memcheck-amd64-linux.so)
==31548==    by 0x1086B9: main (Test4.c:13)
==31548==  Block was alloc'd at
==31548==    at 0x4C2FB0F: malloc (in /usr/lib/valgrind/vgpreload_memcheck-amd64-linux.so)
==31548==    by 0x1086A9: main (Test4.c:12)
==31548== 
==31548== 
==31548== HEAP SUMMARY:
==31548==     in use at exit: 36 bytes in 2 blocks
==31548==   total heap usage: 3 allocs, 2 frees, 46 bytes allocated
==31548== 
==31548== 16 bytes in 1 blocks are definitely lost in loss record 1 of 2
==31548==    at 0x4C2FB0F: malloc (in /usr/lib/valgrind/vgpreload_memcheck-amd64-linux.so)
==31548==    by 0x1086CF: main (Test4.c:16)
==31548== 
==31548== 20 bytes in 1 blocks are definitely lost in loss record 2 of 2
==31548==    at 0x4C2FB0F: malloc (in /usr/lib/valgrind/vgpreload_memcheck-amd64-linux.so)
==31548==    by 0x10869B: main (Test4.c:10)
==31548== 
==31548== LEAK SUMMARY:
==31548==    definitely lost: 36 bytes in 2 blocks
==31548==    indirectly lost: 0 bytes in 0 blocks
==31548==      possibly lost: 0 bytes in 0 blocks
==31548==    still reachable: 0 bytes in 0 blocks
==31548==         suppressed: 0 bytes in 0 blocks
==31548== 
==31548== For counts of detected and suppressed errors, rerun with: -v
==31548== ERROR SUMMARY: 3 errors from 3 contexts (suppressed: 0 from 0)
